[debug] [2022-05-03T13:40:50.206Z] ----------------------------------------------------------------------
[debug] [2022-05-03T13:40:50.211Z] Command:       /usr/local/bin/firebase /home/jaouad/.cache/firebase/tools/lib/node_modules/firebase-tools/lib/bin/firebase deploy
[debug] [2022-05-03T13:40:50.211Z] CLI Version:   9.13.1
[debug] [2022-05-03T13:40:50.211Z] Platform:      linux
[debug] [2022-05-03T13:40:50.211Z] Node Version:  v12.18.1
[debug] [2022-05-03T13:40:50.220Z] Time:          Tue May 03 2022 15:40:50 GMT+0200 (GMT+02:00)
[debug] [2022-05-03T13:40:50.220Z] ----------------------------------------------------------------------
[debug] 
[debug] [2022-05-03T13:40:50.224Z] >>> [apiv2][query] GET https://firebase-public.firebaseio.com/cli.json [none]
[debug] [2022-05-03T13:40:50.247Z] > command requires scopes: ["email","openid","https://www.googleapis.com/auth/cloudplatformprojects.readonly","https://www.googleapis.com/auth/firebase","https://www.googleapis.com/auth/cloud-platform"]
[debug] [2022-05-03T13:40:50.248Z] > authorizing via signed-in user (diego.illettrisme@gmail.com)
[debug] [2022-05-03T13:40:50.248Z] [iam] checking project cri-paca-936b6 for permissions ["firebase.projects.get","firebasehosting.sites.update"]
[debug] [2022-05-03T13:40:50.250Z] > refreshing access token with scopes: ["email","https://www.googleapis.com/auth/cloud-platform","https://www.googleapis.com/auth/cloudplatformprojects.readonly","https://www.googleapis.com/auth/firebase","openid"]
[debug] [2022-05-03T13:40:50.250Z] >>> HTTP REQUEST POST https://www.googleapis.com/oauth2/v3/token  
 <request body omitted>
[debug] [2022-05-03T13:40:50.358Z] <<< HTTP RESPONSE 200 {"pragma":"no-cache","date":"Tue, 03 May 2022 13:40:50 GMT","cache-control":"no-cache, no-store, max-age=0, must-revalidate","expires":"Mon, 01 Jan 1990 00:00:00 GMT","content-type":"application/json; charset=utf-8","vary":"X-Origin, Referer, Origin,Accept-Encoding","server":"scaffolding on HTTPServer2","x-xss-protection":"0","x-frame-options":"SAMEORIGIN","x-content-type-options":"nosniff","alt-svc":"h3=\":443\"; ma=2592000,h3-29=\":443\"; ma=2592000,h3-Q050=\":443\"; ma=2592000,h3-Q046=\":443\"; ma=2592000,h3-Q043=\":443\"; ma=2592000,quic=\":443\"; ma=2592000; v=\"46,43\"","accept-ranges":"none","transfer-encoding":"chunked"}
[debug] [2022-05-03T13:40:50.375Z] >>> HTTP REQUEST POST https://cloudresourcemanager.googleapis.com/v1/projects/cri-paca-936b6:testIamPermissions  
 {"permissions":["firebase.projects.get","firebasehosting.sites.update"]}
[debug] [2022-05-03T13:40:50.701Z] <<< [apiv2][status] GET https://firebase-public.firebaseio.com/cli.json 200
[debug] [2022-05-03T13:40:50.702Z] <<< [apiv2][body] GET https://firebase-public.firebaseio.com/cli.json {"cloudBuildErrorAfter":1594252800000,"cloudBuildWarnAfter":1590019200000,"defaultNode10After":1594252800000,"minVersion":"3.0.5","node8DeploysDisabledAfter":1613390400000,"node8RuntimeDisabledAfter":1615809600000,"node8WarnAfter":1600128000000}
[debug] [2022-05-03T13:40:51.067Z] <<< HTTP RESPONSE 200 {"content-type":"application/json; charset=UTF-8","vary":"X-Origin, Referer, Origin,Accept-Encoding","date":"Tue, 03 May 2022 13:40:51 GMT","server":"ESF","cache-control":"private","x-xss-protection":"0","x-frame-options":"SAMEORIGIN","x-content-type-options":"nosniff","server-timing":"gfet4t7; dur=555","alt-svc":"h3=\":443\"; ma=2592000,h3-29=\":443\"; ma=2592000,h3-Q050=\":443\"; ma=2592000,h3-Q046=\":443\"; ma=2592000,h3-Q043=\":443\"; ma=2592000,quic=\":443\"; ma=2592000; v=\"46,43\"","accept-ranges":"none","transfer-encoding":"chunked"}
[debug] [2022-05-03T13:40:51.076Z] > refreshing access token with scopes: []
[debug] [2022-05-03T13:40:51.077Z] >>> HTTP REQUEST POST https://www.googleapis.com/oauth2/v3/token  
 <request body omitted>
[debug] [2022-05-03T13:40:51.164Z] <<< HTTP RESPONSE 200 {"date":"Tue, 03 May 2022 13:40:51 GMT","pragma":"no-cache","cache-control":"no-cache, no-store, max-age=0, must-revalidate","expires":"Mon, 01 Jan 1990 00:00:00 GMT","content-type":"application/json; charset=utf-8","vary":"X-Origin, Referer, Origin,Accept-Encoding","server":"scaffolding on HTTPServer2","x-xss-protection":"0","x-frame-options":"SAMEORIGIN","x-content-type-options":"nosniff","alt-svc":"h3=\":443\"; ma=2592000,h3-29=\":443\"; ma=2592000,h3-Q050=\":443\"; ma=2592000,h3-Q046=\":443\"; ma=2592000,h3-Q043=\":443\"; ma=2592000,quic=\":443\"; ma=2592000; v=\"46,43\"","accept-ranges":"none","transfer-encoding":"chunked"}
[debug] [2022-05-03T13:40:51.185Z] >>> [apiv2][query] GET https://firebase.googleapis.com/v1beta1/projects/cri-paca-936b6 [none]
[debug] [2022-05-03T13:40:51.509Z] <<< [apiv2][status] GET https://firebase.googleapis.com/v1beta1/projects/cri-paca-936b6 200
[debug] [2022-05-03T13:40:51.510Z] <<< [apiv2][body] GET https://firebase.googleapis.com/v1beta1/projects/cri-paca-936b6 {"projectId":"cri-paca-936b6","projectNumber":"381698997394","displayName":"cri-paca","name":"projects/cri-paca-936b6","resources":{"hostingSite":"cri-paca-936b6","storageBucket":"cri-paca-936b6.appspot.com","locationId":"us-central"},"state":"ACTIVE"}
[info] 
[info] === Deploying to 'cri-paca-936b6'...
[info] 
[info] i  deploying hosting 
[debug] [2022-05-03T13:40:51.516Z] > refreshing access token with scopes: ["email","https://www.googleapis.com/auth/cloud-platform","https://www.googleapis.com/auth/cloudplatformprojects.readonly","https://www.googleapis.com/auth/firebase","openid"]
[debug] [2022-05-03T13:40:51.516Z] >>> HTTP REQUEST POST https://www.googleapis.com/oauth2/v3/token  
 <request body omitted>
[debug] [2022-05-03T13:40:51.649Z] <<< HTTP RESPONSE 200 {"pragma":"no-cache","expires":"Mon, 01 Jan 1990 00:00:00 GMT","date":"Tue, 03 May 2022 13:40:51 GMT","cache-control":"no-cache, no-store, max-age=0, must-revalidate","content-type":"application/json; charset=utf-8","vary":"X-Origin, Referer, Origin,Accept-Encoding","server":"scaffolding on HTTPServer2","x-xss-protection":"0","x-frame-options":"SAMEORIGIN","x-content-type-options":"nosniff","alt-svc":"h3=\":443\"; ma=2592000,h3-29=\":443\"; ma=2592000,h3-Q050=\":443\"; ma=2592000,h3-Q046=\":443\"; ma=2592000,h3-Q043=\":443\"; ma=2592000,quic=\":443\"; ma=2592000; v=\"46,43\"","accept-ranges":"none","transfer-encoding":"chunked"}
[debug] [2022-05-03T13:40:51.662Z] >>> HTTP REQUEST POST https://firebasehosting.googleapis.com/v1beta1/sites/cri-paca-936b6/versions  
 {"config":{"rewrites":[{"glob":"**","path":"/index.html"}]},"labels":{"deployment-tool":"cli-firebase"}}
[debug] [2022-05-03T13:40:52.974Z] <<< HTTP RESPONSE 200 {"content-type":"application/json; charset=UTF-8","vary":"X-Origin, Referer, Origin,Accept-Encoding","date":"Tue, 03 May 2022 13:40:52 GMT","server":"ESF","cache-control":"private","x-xss-protection":"0","x-frame-options":"SAMEORIGIN","x-content-type-options":"nosniff","alt-svc":"h3=\":443\"; ma=2592000,h3-29=\":443\"; ma=2592000,h3-Q050=\":443\"; ma=2592000,h3-Q046=\":443\"; ma=2592000,h3-Q043=\":443\"; ma=2592000,quic=\":443\"; ma=2592000; v=\"46,43\"","accept-ranges":"none","transfer-encoding":"chunked"}
[info] i  hosting[cri-paca-936b6]: beginning deploy... 
[info] i  hosting[cri-paca-936b6]: found 37 files in dist/cri 
[debug] [2022-05-03T13:40:55.356Z] > refreshing access token with scopes: []
[debug] [2022-05-03T13:40:55.356Z] >>> HTTP REQUEST POST https://www.googleapis.com/oauth2/v3/token  
 <request body omitted>
[debug] [2022-05-03T13:40:55.358Z] [hosting] hash cache [ZGlzdC9jcmk] stored for 37 files
[debug] [2022-05-03T13:40:55.358Z] [hosting][hash queue][FINAL] {"max":2346,"min":63,"avg":393.7837837837838,"active":0,"complete":37,"success":37,"errored":0,"retried":0,"total":37,"elapsed":2359}
[debug] [2022-05-03T13:40:55.445Z] <<< HTTP RESPONSE 200 {"date":"Tue, 03 May 2022 13:40:55 GMT","cache-control":"no-cache, no-store, max-age=0, must-revalidate","expires":"Mon, 01 Jan 1990 00:00:00 GMT","pragma":"no-cache","content-type":"application/json; charset=utf-8","vary":"X-Origin, Referer, Origin,Accept-Encoding","server":"scaffolding on HTTPServer2","x-xss-protection":"0","x-frame-options":"SAMEORIGIN","x-content-type-options":"nosniff","alt-svc":"h3=\":443\"; ma=2592000,h3-29=\":443\"; ma=2592000,h3-Q050=\":443\"; ma=2592000,h3-Q046=\":443\"; ma=2592000,h3-Q043=\":443\"; ma=2592000,quic=\":443\"; ma=2592000; v=\"46,43\"","accept-ranges":"none","transfer-encoding":"chunked"}
[debug] [2022-05-03T13:40:55.458Z] >>> [apiv2][query] POST https://firebasehosting.googleapis.com/v1beta1/sites/cri-paca-936b6/versions/9b71864d3fec7db7:populateFiles [none]
[debug] [2022-05-03T13:40:55.458Z] >>> [apiv2][body] POST https://firebasehosting.googleapis.com/v1beta1/sites/cri-paca-936b6/versions/9b71864d3fec7db7:populateFiles {"files":{"/favicon.ico":"5ba04cf43d3c8c026bd5edd43046db96acb28b5686d99ea7d7e148feabfffc8f","/index.html":"4bffbd28084d43ab41144841c78d0d3fdb99ecc31063f1bce7442110cfe4d008","/runtime-es2015.js":"3a38460af410f0c18b0a7d8948d3511f8b2b6e1cb88c0daffeacb745981d562b","/runtime-es2015.js.map":"379daf7773fe7e31cc7b5707c00eaf188c59e112a4147b07b73886a8acb3cf4c","/runtime-es5.js":"527c260ae2f39b82fbd4fbf2e53b978d7035f8ff80c5b88f55363fc9d97f4b03","/runtime-es5.js.map":"2c615d164e5caaaf99ea5c2a44ee24189a3513341bbf5a7550aa87bb494903a2","/styles-es2015.js":"4333427f70a746189812dbee27fae48ddaa3cf48e7c859fecf9fc7c798f7bd76","/styles-es2015.js.map":"3677a5eefd5d0928063ce6604db306313bd84fa2ae69dca5dfeecc2e4cb87469","/styles-es5.js":"e01e8a0fa3454d973d0256be871fdbc834ac0f45310cdd38635f4ad2bcfbca1c","/styles-es5.js.map":"06d3d209bb1c2f0f1beb0f744af75be606e6bd02050ae585a7801d11dfb37272","/assets/cri-paca.png":"17a00f0992acec39a8e0111611882c27a843d3ecb85ab8e99230aee1d0564a44","/assets/tri.png":"cc36e8e5c1edc5c4fa76baf15a3f9cb2ced0374a172a40e3378daffc6c74aec3","/assets/profilcri.jpg":"cd695de5697f22803ca69870b881a7b4166beb0420ffc17860c90afa2ed5dfd5","/polyfills-es2015.js.map":"e760c5ddb550f2c50c06386a9128cbb1563b697dd6261215b840e3a1269dc909","/assets/homepagecripaca.jpg":"8123c0ebbc32a23cbc46fda1267c35c8d7cb90542ba056877006eeb1b9846306","/polyfills-es2015.js":"24561d79b0f9b4d059a0a9736207e2596cf83e48a34a5ca5952a139c8557905c","/firebase-auth-es2015.js":"3609ff2b01522ba016e71b9945d1f096945235fab8a438fc356a6999364a9658","/assets/diego-cri-2.png":"87e97b2aca1b8df365a5499ecdf7e9eee4b961f357bddff5b673201a1b691557","/firebase-auth-es2015.js.map":"d512b440c06d13caf3d1448ddd1fd3938c269e52c0d9d7d4dca4d3f7dd3c9073","/main-es5.js.map":"889a9d52c3e1b445fe3cf1ae8bd900a3ccd36c4149452c8dd02eecf50738cda5","/assets/diego-paca-3.png":"bbe84a767779f35dc1e680ce5b8606de38a3f340ebc2cb0a43910bf12f3747de","/main-es2015.js.map":"8c54049bc7dd35c3ccaa84eb21fca9e14914aceedae8c3aabc466b0a362d0ceb","/firebase-auth-es5.js":"d29b5fcc0d587d839409bc32915a43637c67442af96d01047ea6a7b70151b920","/main-es5.js":"99a68a91a4dfe5d35673a435ae615d1e691a76b200bb46fcea94457adbef6c50","/main-es2015.js":"1bcb4dcb4ddf73cb36cff653b316874be6af4d9a5e23e116db0be84fc3f2b9df","/assets/diego-cri-02.png":"a7f2397e57288240b4702dc9f8f4846535a55bd0dabedb6070b1d0ddda56d455","/polyfills-es5.js":"3fe4bd715d97a3adf44297821182eb85c668ca7c39992a669f310ddaca872e6a","/firebase-auth-es5.js.map":"b9391c8022214381d86c4dc062eb19129536691f33302413ca085047e2189784","/polyfills-es5.js.map":"370191ce947e7c2b9fcfe3181e12a1eef84fa958a6b48cd63d0a9b38b4565104","/assets/dpartie.aac":"32f2fd187757165d46be619365bb61e2f44c285af4fe1a4df29ddd508ea5267e","/assets/ppartie.aac":"468fcd07147392247becdb0fd77048398c6a9289107b50a793fa4180a2a7a89d","/assets/page accueil Diego.png":"eb3549280aba8d2d2a4d20f1881b8b3f9f7b684cb1d50ec6d49c03c46f40e122","/assets/page_accueil_diego.png":"eb3549280aba8d2d2a4d20f1881b8b3f9f7b684cb1d50ec6d49c03c46f40e122","/vendor-es2015.js":"f59d44c8b717fc633b75501ed3fe1d95597ff79990f88f090cc1f4abd724b3ed","/vendor-es2015.js.map":"c0d5a5b329d8ed92171060316775cda4b5765f8bd296e60b29c26eabe6319491","/vendor-es5.js":"75300b6f8941ab5e70e16274351b810c167388098dcef4a71a87d7a200d364a3","/vendor-es5.js.map":"e684ca6de6457df73edb372aeb341e174df1fce6b97354ba037962a32907eb5d"}}
[debug] [2022-05-03T13:40:56.374Z] <<< [apiv2][status] POST https://firebasehosting.googleapis.com/v1beta1/sites/cri-paca-936b6/versions/9b71864d3fec7db7:populateFiles 200
[debug] [2022-05-03T13:40:56.374Z] <<< [apiv2][body] POST https://firebasehosting.googleapis.com/v1beta1/sites/cri-paca-936b6/versions/9b71864d3fec7db7:populateFiles {"uploadRequiredHashes":["99a68a91a4dfe5d35673a435ae615d1e691a76b200bb46fcea94457adbef6c50","d29b5fcc0d587d839409bc32915a43637c67442af96d01047ea6a7b70151b920","3677a5eefd5d0928063ce6604db306313bd84fa2ae69dca5dfeecc2e4cb87469","d512b440c06d13caf3d1448ddd1fd3938c269e52c0d9d7d4dca4d3f7dd3c9073","06d3d209bb1c2f0f1beb0f744af75be606e6bd02050ae585a7801d11dfb37272","b9391c8022214381d86c4dc062eb19129536691f33302413ca085047e2189784","1bcb4dcb4ddf73cb36cff653b316874be6af4d9a5e23e116db0be84fc3f2b9df","4333427f70a746189812dbee27fae48ddaa3cf48e7c859fecf9fc7c798f7bd76","3fe4bd715d97a3adf44297821182eb85c668ca7c39992a669f310ddaca872e6a","f59d44c8b717fc633b75501ed3fe1d95597ff79990f88f090cc1f4abd724b3ed","379daf7773fe7e31cc7b5707c00eaf188c59e112a4147b07b73886a8acb3cf4c","e684ca6de6457df73edb372aeb341e174df1fce6b97354ba037962a32907eb5d","527c260ae2f39b82fbd4fbf2e53b978d7035f8ff80c5b88f55363fc9d97f4b03","2c615d164e5caaaf99ea5c2a44ee24189a3513341bbf5a7550aa87bb494903a2","c0d5a5b329d8ed92171060316775cda4b5765f8bd296e60b29c26eabe6319491","4bffbd28084d43ab41144841c78d0d3fdb99ecc31063f1bce7442110cfe4d008","24561d79b0f9b4d059a0a9736207e2596cf83e48a34a5ca5952a139c8557905c","370191ce947e7c2b9fcfe3181e12a1eef84fa958a6b48cd63d0a9b38b4565104","75300b6f8941ab5e70e16274351b810c167388098dcef4a71a87d7a200d364a3","3a38460af410f0c18b0a7d8948d3511f8b2b6e1cb88c0daffeacb745981d562b","e01e8a0fa3454d973d0256be871fdbc834ac0f45310cdd38635f4ad2bcfbca1c","889a9d52c3e1b445fe3cf1ae8bd900a3ccd36c4149452c8dd02eecf50738cda5","8c54049bc7dd35c3ccaa84eb21fca9e14914aceedae8c3aabc466b0a362d0ceb","e760c5ddb550f2c50c06386a9128cbb1563b697dd6261215b840e3a1269dc909","3609ff2b01522ba016e71b9945d1f096945235fab8a438fc356a6999364a9658"],"uploadUrl":"https://upload-firebasehosting.googleapis.com/upload/sites/cri-paca-936b6/versions/9b71864d3fec7db7/files"}
[debug] [2022-05-03T13:40:56.389Z] >>> [apiv2][query] POST https://upload-firebasehosting.googleapis.com/upload/sites/cri-paca-936b6/versions/9b71864d3fec7db7/files/99a68a91a4dfe5d35673a435ae615d1e691a76b200bb46fcea94457adbef6c50 [none]
[debug] [2022-05-03T13:40:56.389Z] >>> [apiv2][body] POST https://upload-firebasehosting.googleapis.com/upload/sites/cri-paca-936b6/versions/9b71864d3fec7db7/files/99a68a91a4dfe5d35673a435ae615d1e691a76b200bb46fcea94457adbef6c50 [stream]
[debug] [2022-05-03T13:40:56.391Z] >>> [apiv2][query] POST https://upload-firebasehosting.googleapis.com/upload/sites/cri-paca-936b6/versions/9b71864d3fec7db7/files/d29b5fcc0d587d839409bc32915a43637c67442af96d01047ea6a7b70151b920 [none]
[debug] [2022-05-03T13:40:56.391Z] >>> [apiv2][body] POST https://upload-firebasehosting.googleapis.com/upload/sites/cri-paca-936b6/versions/9b71864d3fec7db7/files/d29b5fcc0d587d839409bc32915a43637c67442af96d01047ea6a7b70151b920 [stream]
[debug] [2022-05-03T13:40:56.394Z] >>> [apiv2][query] POST https://upload-firebasehosting.googleapis.com/upload/sites/cri-paca-936b6/versions/9b71864d3fec7db7/files/3677a5eefd5d0928063ce6604db306313bd84fa2ae69dca5dfeecc2e4cb87469 [none]
[debug] [2022-05-03T13:40:56.394Z] >>> [apiv2][body] POST https://upload-firebasehosting.googleapis.com/upload/sites/cri-paca-936b6/versions/9b71864d3fec7db7/files/3677a5eefd5d0928063ce6604db306313bd84fa2ae69dca5dfeecc2e4cb87469 [stream]
[debug] [2022-05-03T13:40:56.396Z] >>> [apiv2][query] POST https://upload-firebasehosting.googleapis.com/upload/sites/cri-paca-936b6/versions/9b71864d3fec7db7/files/d512b440c06d13caf3d1448ddd1fd3938c269e52c0d9d7d4dca4d3f7dd3c9073 [none]
[debug] [2022-05-03T13:40:56.396Z] >>> [apiv2][body] POST https://upload-firebasehosting.googleapis.com/upload/sites/cri-paca-936b6/versions/9b71864d3fec7db7/files/d512b440c06d13caf3d1448ddd1fd3938c269e52c0d9d7d4dca4d3f7dd3c9073 [stream]
[debug] [2022-05-03T13:40:56.397Z] >>> [apiv2][query] POST https://upload-firebasehosting.googleapis.com/upload/sites/cri-paca-936b6/versions/9b71864d3fec7db7/files/06d3d209bb1c2f0f1beb0f744af75be606e6bd02050ae585a7801d11dfb37272 [none]
[debug] [2022-05-03T13:40:56.397Z] >>> [apiv2][body] POST https://upload-firebasehosting.googleapis.com/upload/sites/cri-paca-936b6/versions/9b71864d3fec7db7/files/06d3d209bb1c2f0f1beb0f744af75be606e6bd02050ae585a7801d11dfb37272 [stream]
[debug] [2022-05-03T13:40:56.399Z] >>> [apiv2][query] POST https://upload-firebasehosting.googleapis.com/upload/sites/cri-paca-936b6/versions/9b71864d3fec7db7/files/b9391c8022214381d86c4dc062eb19129536691f33302413ca085047e2189784 [none]
[debug] [2022-05-03T13:40:56.399Z] >>> [apiv2][body] POST https://upload-firebasehosting.googleapis.com/upload/sites/cri-paca-936b6/versions/9b71864d3fec7db7/files/b9391c8022214381d86c4dc062eb19129536691f33302413ca085047e2189784 [stream]
[debug] [2022-05-03T13:40:56.400Z] >>> [apiv2][query] POST https://upload-firebasehosting.googleapis.com/upload/sites/cri-paca-936b6/versions/9b71864d3fec7db7/files/1bcb4dcb4ddf73cb36cff653b316874be6af4d9a5e23e116db0be84fc3f2b9df [none]
[debug] [2022-05-03T13:40:56.400Z] >>> [apiv2][body] POST https://upload-firebasehosting.googleapis.com/upload/sites/cri-paca-936b6/versions/9b71864d3fec7db7/files/1bcb4dcb4ddf73cb36cff653b316874be6af4d9a5e23e116db0be84fc3f2b9df [stream]
[debug] [2022-05-03T13:40:56.401Z] >>> [apiv2][query] POST https://upload-firebasehosting.googleapis.com/upload/sites/cri-paca-936b6/versions/9b71864d3fec7db7/files/4333427f70a746189812dbee27fae48ddaa3cf48e7c859fecf9fc7c798f7bd76 [none]
[debug] [2022-05-03T13:40:56.402Z] >>> [apiv2][body] POST https://upload-firebasehosting.googleapis.com/upload/sites/cri-paca-936b6/versions/9b71864d3fec7db7/files/4333427f70a746189812dbee27fae48ddaa3cf48e7c859fecf9fc7c798f7bd76 [stream]
[debug] [2022-05-03T13:40:56.403Z] >>> [apiv2][query] POST https://upload-firebasehosting.googleapis.com/upload/sites/cri-paca-936b6/versions/9b71864d3fec7db7/files/3fe4bd715d97a3adf44297821182eb85c668ca7c39992a669f310ddaca872e6a [none]
[debug] [2022-05-03T13:40:56.403Z] >>> [apiv2][body] POST https://upload-firebasehosting.googleapis.com/upload/sites/cri-paca-936b6/versions/9b71864d3fec7db7/files/3fe4bd715d97a3adf44297821182eb85c668ca7c39992a669f310ddaca872e6a [stream]
[debug] [2022-05-03T13:40:56.405Z] >>> [apiv2][query] POST https://upload-firebasehosting.googleapis.com/upload/sites/cri-paca-936b6/versions/9b71864d3fec7db7/files/f59d44c8b717fc633b75501ed3fe1d95597ff79990f88f090cc1f4abd724b3ed [none]
[debug] [2022-05-03T13:40:56.405Z] >>> [apiv2][body] POST https://upload-firebasehosting.googleapis.com/upload/sites/cri-paca-936b6/versions/9b71864d3fec7db7/files/f59d44c8b717fc633b75501ed3fe1d95597ff79990f88f090cc1f4abd724b3ed [stream]
[debug] [2022-05-03T13:40:56.406Z] >>> [apiv2][query] POST https://upload-firebasehosting.googleapis.com/upload/sites/cri-paca-936b6/versions/9b71864d3fec7db7/files/379daf7773fe7e31cc7b5707c00eaf188c59e112a4147b07b73886a8acb3cf4c [none]
[debug] [2022-05-03T13:40:56.406Z] >>> [apiv2][body] POST https://upload-firebasehosting.googleapis.com/upload/sites/cri-paca-936b6/versions/9b71864d3fec7db7/files/379daf7773fe7e31cc7b5707c00eaf188c59e112a4147b07b73886a8acb3cf4c [stream]
[debug] [2022-05-03T13:40:56.407Z] >>> [apiv2][query] POST https://upload-firebasehosting.googleapis.com/upload/sites/cri-paca-936b6/versions/9b71864d3fec7db7/files/e684ca6de6457df73edb372aeb341e174df1fce6b97354ba037962a32907eb5d [none]
[debug] [2022-05-03T13:40:56.407Z] >>> [apiv2][body] POST https://upload-firebasehosting.googleapis.com/upload/sites/cri-paca-936b6/versions/9b71864d3fec7db7/files/e684ca6de6457df73edb372aeb341e174df1fce6b97354ba037962a32907eb5d [stream]
[debug] [2022-05-03T13:40:56.408Z] >>> [apiv2][query] POST https://upload-firebasehosting.googleapis.com/upload/sites/cri-paca-936b6/versions/9b71864d3fec7db7/files/527c260ae2f39b82fbd4fbf2e53b978d7035f8ff80c5b88f55363fc9d97f4b03 [none]
[debug] [2022-05-03T13:40:56.408Z] >>> [apiv2][body] POST https://upload-firebasehosting.googleapis.com/upload/sites/cri-paca-936b6/versions/9b71864d3fec7db7/files/527c260ae2f39b82fbd4fbf2e53b978d7035f8ff80c5b88f55363fc9d97f4b03 [stream]
[debug] [2022-05-03T13:40:56.409Z] >>> [apiv2][query] POST https://upload-firebasehosting.googleapis.com/upload/sites/cri-paca-936b6/versions/9b71864d3fec7db7/files/2c615d164e5caaaf99ea5c2a44ee24189a3513341bbf5a7550aa87bb494903a2 [none]
[debug] [2022-05-03T13:40:56.409Z] >>> [apiv2][body] POST https://upload-firebasehosting.googleapis.com/upload/sites/cri-paca-936b6/versions/9b71864d3fec7db7/files/2c615d164e5caaaf99ea5c2a44ee24189a3513341bbf5a7550aa87bb494903a2 [stream]
[debug] [2022-05-03T13:40:56.410Z] >>> [apiv2][query] POST https://upload-firebasehosting.googleapis.com/upload/sites/cri-paca-936b6/versions/9b71864d3fec7db7/files/c0d5a5b329d8ed92171060316775cda4b5765f8bd296e60b29c26eabe6319491 [none]
[debug] [2022-05-03T13:40:56.410Z] >>> [apiv2][body] POST https://upload-firebasehosting.googleapis.com/upload/sites/cri-paca-936b6/versions/9b71864d3fec7db7/files/c0d5a5b329d8ed92171060316775cda4b5765f8bd296e60b29c26eabe6319491 [stream]
[debug] [2022-05-03T13:40:56.412Z] >>> [apiv2][query] POST https://upload-firebasehosting.googleapis.com/upload/sites/cri-paca-936b6/versions/9b71864d3fec7db7/files/4bffbd28084d43ab41144841c78d0d3fdb99ecc31063f1bce7442110cfe4d008 [none]
[debug] [2022-05-03T13:40:56.412Z] >>> [apiv2][body] POST https://upload-firebasehosting.googleapis.com/upload/sites/cri-paca-936b6/versions/9b71864d3fec7db7/files/4bffbd28084d43ab41144841c78d0d3fdb99ecc31063f1bce7442110cfe4d008 [stream]
[debug] [2022-05-03T13:40:56.413Z] >>> [apiv2][query] POST https://upload-firebasehosting.googleapis.com/upload/sites/cri-paca-936b6/versions/9b71864d3fec7db7/files/24561d79b0f9b4d059a0a9736207e2596cf83e48a34a5ca5952a139c8557905c [none]
[debug] [2022-05-03T13:40:56.413Z] >>> [apiv2][body] POST https://upload-firebasehosting.googleapis.com/upload/sites/cri-paca-936b6/versions/9b71864d3fec7db7/files/24561d79b0f9b4d059a0a9736207e2596cf83e48a34a5ca5952a139c8557905c [stream]
[debug] [2022-05-03T13:40:56.413Z] >>> [apiv2][query] POST https://upload-firebasehosting.googleapis.com/upload/sites/cri-paca-936b6/versions/9b71864d3fec7db7/files/370191ce947e7c2b9fcfe3181e12a1eef84fa958a6b48cd63d0a9b38b4565104 [none]
[debug] [2022-05-03T13:40:56.414Z] >>> [apiv2][body] POST https://upload-firebasehosting.googleapis.com/upload/sites/cri-paca-936b6/versions/9b71864d3fec7db7/files/370191ce947e7c2b9fcfe3181e12a1eef84fa958a6b48cd63d0a9b38b4565104 [stream]
[debug] [2022-05-03T13:40:56.414Z] >>> [apiv2][query] POST https://upload-firebasehosting.googleapis.com/upload/sites/cri-paca-936b6/versions/9b71864d3fec7db7/files/75300b6f8941ab5e70e16274351b810c167388098dcef4a71a87d7a200d364a3 [none]
[debug] [2022-05-03T13:40:56.414Z] >>> [apiv2][body] POST https://upload-firebasehosting.googleapis.com/upload/sites/cri-paca-936b6/versions/9b71864d3fec7db7/files/75300b6f8941ab5e70e16274351b810c167388098dcef4a71a87d7a200d364a3 [stream]
[debug] [2022-05-03T13:40:56.415Z] >>> [apiv2][query] POST https://upload-firebasehosting.googleapis.com/upload/sites/cri-paca-936b6/versions/9b71864d3fec7db7/files/3a38460af410f0c18b0a7d8948d3511f8b2b6e1cb88c0daffeacb745981d562b [none]
[debug] [2022-05-03T13:40:56.415Z] >>> [apiv2][body] POST https://upload-firebasehosting.googleapis.com/upload/sites/cri-paca-936b6/versions/9b71864d3fec7db7/files/3a38460af410f0c18b0a7d8948d3511f8b2b6e1cb88c0daffeacb745981d562b [stream]
[debug] [2022-05-03T13:40:56.416Z] >>> [apiv2][query] POST https://upload-firebasehosting.googleapis.com/upload/sites/cri-paca-936b6/versions/9b71864d3fec7db7/files/e01e8a0fa3454d973d0256be871fdbc834ac0f45310cdd38635f4ad2bcfbca1c [none]
[debug] [2022-05-03T13:40:56.416Z] >>> [apiv2][body] POST https://upload-firebasehosting.googleapis.com/upload/sites/cri-paca-936b6/versions/9b71864d3fec7db7/files/e01e8a0fa3454d973d0256be871fdbc834ac0f45310cdd38635f4ad2bcfbca1c [stream]
[debug] [2022-05-03T13:40:56.416Z] >>> [apiv2][query] POST https://upload-firebasehosting.googleapis.com/upload/sites/cri-paca-936b6/versions/9b71864d3fec7db7/files/889a9d52c3e1b445fe3cf1ae8bd900a3ccd36c4149452c8dd02eecf50738cda5 [none]
[debug] [2022-05-03T13:40:56.416Z] >>> [apiv2][body] POST https://upload-firebasehosting.googleapis.com/upload/sites/cri-paca-936b6/versions/9b71864d3fec7db7/files/889a9d52c3e1b445fe3cf1ae8bd900a3ccd36c4149452c8dd02eecf50738cda5 [stream]
[debug] [2022-05-03T13:40:56.417Z] >>> [apiv2][query] POST https://upload-firebasehosting.googleapis.com/upload/sites/cri-paca-936b6/versions/9b71864d3fec7db7/files/8c54049bc7dd35c3ccaa84eb21fca9e14914aceedae8c3aabc466b0a362d0ceb [none]
[debug] [2022-05-03T13:40:56.417Z] >>> [apiv2][body] POST https://upload-firebasehosting.googleapis.com/upload/sites/cri-paca-936b6/versions/9b71864d3fec7db7/files/8c54049bc7dd35c3ccaa84eb21fca9e14914aceedae8c3aabc466b0a362d0ceb [stream]
[debug] [2022-05-03T13:40:56.418Z] >>> [apiv2][query] POST https://upload-firebasehosting.googleapis.com/upload/sites/cri-paca-936b6/versions/9b71864d3fec7db7/files/e760c5ddb550f2c50c06386a9128cbb1563b697dd6261215b840e3a1269dc909 [none]
[debug] [2022-05-03T13:40:56.418Z] >>> [apiv2][body] POST https://upload-firebasehosting.googleapis.com/upload/sites/cri-paca-936b6/versions/9b71864d3fec7db7/files/e760c5ddb550f2c50c06386a9128cbb1563b697dd6261215b840e3a1269dc909 [stream]
[debug] [2022-05-03T13:40:56.418Z] >>> [apiv2][query] POST https://upload-firebasehosting.googleapis.com/upload/sites/cri-paca-936b6/versions/9b71864d3fec7db7/files/3609ff2b01522ba016e71b9945d1f096945235fab8a438fc356a6999364a9658 [none]
[debug] [2022-05-03T13:40:56.418Z] >>> [apiv2][body] POST https://upload-firebasehosting.googleapis.com/upload/sites/cri-paca-936b6/versions/9b71864d3fec7db7/files/3609ff2b01522ba016e71b9945d1f096945235fab8a438fc356a6999364a9658 [stream]
[debug] [2022-05-03T13:40:56.419Z] [hosting][populate queue][FINAL] {"max":1033,"min":1033,"avg":1033,"active":0,"complete":1,"success":1,"errored":0,"retried":0,"total":1,"elapsed":1063}
[debug] [2022-05-03T13:40:56.419Z] [hosting] uploads queued: 25
[debug] [2022-05-03T13:40:57.606Z] <<< [apiv2][status] POST https://upload-firebasehosting.googleapis.com/upload/sites/cri-paca-936b6/versions/9b71864d3fec7db7/files/3677a5eefd5d0928063ce6604db306313bd84fa2ae69dca5dfeecc2e4cb87469 200
[debug] [2022-05-03T13:40:57.606Z] <<< [apiv2][body] POST https://upload-firebasehosting.googleapis.com/upload/sites/cri-paca-936b6/versions/9b71864d3fec7db7/files/3677a5eefd5d0928063ce6604db306313bd84fa2ae69dca5dfeecc2e4cb87469 [stream]
[debug] [2022-05-03T13:40:57.752Z] <<< [apiv2][status] POST https://upload-firebasehosting.googleapis.com/upload/sites/cri-paca-936b6/versions/9b71864d3fec7db7/files/06d3d209bb1c2f0f1beb0f744af75be606e6bd02050ae585a7801d11dfb37272 200
[debug] [2022-05-03T13:40:57.754Z] <<< [apiv2][body] POST https://upload-firebasehosting.googleapis.com/upload/sites/cri-paca-936b6/versions/9b71864d3fec7db7/files/06d3d209bb1c2f0f1beb0f744af75be606e6bd02050ae585a7801d11dfb37272 [stream]
[debug] [2022-05-03T13:40:57.770Z] <<< [apiv2][status] POST https://upload-firebasehosting.googleapis.com/upload/sites/cri-paca-936b6/versions/9b71864d3fec7db7/files/d512b440c06d13caf3d1448ddd1fd3938c269e52c0d9d7d4dca4d3f7dd3c9073 200
[debug] [2022-05-03T13:40:57.770Z] <<< [apiv2][body] POST https://upload-firebasehosting.googleapis.com/upload/sites/cri-paca-936b6/versions/9b71864d3fec7db7/files/d512b440c06d13caf3d1448ddd1fd3938c269e52c0d9d7d4dca4d3f7dd3c9073 [stream]
[debug] [2022-05-03T13:40:57.854Z] <<< [apiv2][status] POST https://upload-firebasehosting.googleapis.com/upload/sites/cri-paca-936b6/versions/9b71864d3fec7db7/files/379daf7773fe7e31cc7b5707c00eaf188c59e112a4147b07b73886a8acb3cf4c 200
[debug] [2022-05-03T13:40:57.854Z] <<< [apiv2][body] POST https://upload-firebasehosting.googleapis.com/upload/sites/cri-paca-936b6/versions/9b71864d3fec7db7/files/379daf7773fe7e31cc7b5707c00eaf188c59e112a4147b07b73886a8acb3cf4c [stream]
[debug] [2022-05-03T13:40:57.893Z] <<< [apiv2][status] POST https://upload-firebasehosting.googleapis.com/upload/sites/cri-paca-936b6/versions/9b71864d3fec7db7/files/527c260ae2f39b82fbd4fbf2e53b978d7035f8ff80c5b88f55363fc9d97f4b03 200
[debug] [2022-05-03T13:40:57.893Z] <<< [apiv2][body] POST https://upload-firebasehosting.googleapis.com/upload/sites/cri-paca-936b6/versions/9b71864d3fec7db7/files/527c260ae2f39b82fbd4fbf2e53b978d7035f8ff80c5b88f55363fc9d97f4b03 [stream]
[debug] [2022-05-03T13:40:58.012Z] <<< [apiv2][status] POST https://upload-firebasehosting.googleapis.com/upload/sites/cri-paca-936b6/versions/9b71864d3fec7db7/files/2c615d164e5caaaf99ea5c2a44ee24189a3513341bbf5a7550aa87bb494903a2 200
[debug] [2022-05-03T13:40:58.013Z] <<< [apiv2][body] POST https://upload-firebasehosting.googleapis.com/upload/sites/cri-paca-936b6/versions/9b71864d3fec7db7/files/2c615d164e5caaaf99ea5c2a44ee24189a3513341bbf5a7550aa87bb494903a2 [stream]
[debug] [2022-05-03T13:40:58.056Z] <<< [apiv2][status] POST https://upload-firebasehosting.googleapis.com/upload/sites/cri-paca-936b6/versions/9b71864d3fec7db7/files/3a38460af410f0c18b0a7d8948d3511f8b2b6e1cb88c0daffeacb745981d562b 200
[debug] [2022-05-03T13:40:58.056Z] <<< [apiv2][body] POST https://upload-firebasehosting.googleapis.com/upload/sites/cri-paca-936b6/versions/9b71864d3fec7db7/files/3a38460af410f0c18b0a7d8948d3511f8b2b6e1cb88c0daffeacb745981d562b [stream]
[debug] [2022-05-03T13:40:58.098Z] <<< [apiv2][status] POST https://upload-firebasehosting.googleapis.com/upload/sites/cri-paca-936b6/versions/9b71864d3fec7db7/files/b9391c8022214381d86c4dc062eb19129536691f33302413ca085047e2189784 200
[debug] [2022-05-03T13:40:58.099Z] <<< [apiv2][body] POST https://upload-firebasehosting.googleapis.com/upload/sites/cri-paca-936b6/versions/9b71864d3fec7db7/files/b9391c8022214381d86c4dc062eb19129536691f33302413ca085047e2189784 [stream]
[debug] [2022-05-03T13:40:58.120Z] <<< [apiv2][status] POST https://upload-firebasehosting.googleapis.com/upload/sites/cri-paca-936b6/versions/9b71864d3fec7db7/files/e760c5ddb550f2c50c06386a9128cbb1563b697dd6261215b840e3a1269dc909 200
[debug] [2022-05-03T13:40:58.120Z] <<< [apiv2][body] POST https://upload-firebasehosting.googleapis.com/upload/sites/cri-paca-936b6/versions/9b71864d3fec7db7/files/e760c5ddb550f2c50c06386a9128cbb1563b697dd6261215b840e3a1269dc909 [stream]
[debug] [2022-05-03T13:40:58.133Z] <<< [apiv2][status] POST https://upload-firebasehosting.googleapis.com/upload/sites/cri-paca-936b6/versions/9b71864d3fec7db7/files/370191ce947e7c2b9fcfe3181e12a1eef84fa958a6b48cd63d0a9b38b4565104 200
[debug] [2022-05-03T13:40:58.133Z] <<< [apiv2][body] POST https://upload-firebasehosting.googleapis.com/upload/sites/cri-paca-936b6/versions/9b71864d3fec7db7/files/370191ce947e7c2b9fcfe3181e12a1eef84fa958a6b48cd63d0a9b38b4565104 [stream]
[debug] [2022-05-03T13:40:58.142Z] <<< [apiv2][status] POST https://upload-firebasehosting.googleapis.com/upload/sites/cri-paca-936b6/versions/9b71864d3fec7db7/files/3609ff2b01522ba016e71b9945d1f096945235fab8a438fc356a6999364a9658 200
[debug] [2022-05-03T13:40:58.142Z] <<< [apiv2][body] POST https://upload-firebasehosting.googleapis.com/upload/sites/cri-paca-936b6/versions/9b71864d3fec7db7/files/3609ff2b01522ba016e71b9945d1f096945235fab8a438fc356a6999364a9658 [stream]
[debug] [2022-05-03T13:40:58.159Z] <<< [apiv2][status] POST https://upload-firebasehosting.googleapis.com/upload/sites/cri-paca-936b6/versions/9b71864d3fec7db7/files/4333427f70a746189812dbee27fae48ddaa3cf48e7c859fecf9fc7c798f7bd76 200
[debug] [2022-05-03T13:40:58.159Z] <<< [apiv2][body] POST https://upload-firebasehosting.googleapis.com/upload/sites/cri-paca-936b6/versions/9b71864d3fec7db7/files/4333427f70a746189812dbee27fae48ddaa3cf48e7c859fecf9fc7c798f7bd76 [stream]
[debug] [2022-05-03T13:40:58.275Z] <<< [apiv2][status] POST https://upload-firebasehosting.googleapis.com/upload/sites/cri-paca-936b6/versions/9b71864d3fec7db7/files/4bffbd28084d43ab41144841c78d0d3fdb99ecc31063f1bce7442110cfe4d008 200
[debug] [2022-05-03T13:40:58.276Z] <<< [apiv2][body] POST https://upload-firebasehosting.googleapis.com/upload/sites/cri-paca-936b6/versions/9b71864d3fec7db7/files/4bffbd28084d43ab41144841c78d0d3fdb99ecc31063f1bce7442110cfe4d008 [stream]
[debug] [2022-05-03T13:40:58.305Z] <<< [apiv2][status] POST https://upload-firebasehosting.googleapis.com/upload/sites/cri-paca-936b6/versions/9b71864d3fec7db7/files/e01e8a0fa3454d973d0256be871fdbc834ac0f45310cdd38635f4ad2bcfbca1c 200
[debug] [2022-05-03T13:40:58.305Z] <<< [apiv2][body] POST https://upload-firebasehosting.googleapis.com/upload/sites/cri-paca-936b6/versions/9b71864d3fec7db7/files/e01e8a0fa3454d973d0256be871fdbc834ac0f45310cdd38635f4ad2bcfbca1c [stream]
[debug] [2022-05-03T13:40:58.307Z] <<< [apiv2][status] POST https://upload-firebasehosting.googleapis.com/upload/sites/cri-paca-936b6/versions/9b71864d3fec7db7/files/8c54049bc7dd35c3ccaa84eb21fca9e14914aceedae8c3aabc466b0a362d0ceb 200
[debug] [2022-05-03T13:40:58.308Z] <<< [apiv2][body] POST https://upload-firebasehosting.googleapis.com/upload/sites/cri-paca-936b6/versions/9b71864d3fec7db7/files/8c54049bc7dd35c3ccaa84eb21fca9e14914aceedae8c3aabc466b0a362d0ceb [stream]
[debug] [2022-05-03T13:40:58.317Z] <<< [apiv2][status] POST https://upload-firebasehosting.googleapis.com/upload/sites/cri-paca-936b6/versions/9b71864d3fec7db7/files/d29b5fcc0d587d839409bc32915a43637c67442af96d01047ea6a7b70151b920 200
[debug] [2022-05-03T13:40:58.317Z] <<< [apiv2][body] POST https://upload-firebasehosting.googleapis.com/upload/sites/cri-paca-936b6/versions/9b71864d3fec7db7/files/d29b5fcc0d587d839409bc32915a43637c67442af96d01047ea6a7b70151b920 [stream]
[debug] [2022-05-03T13:40:58.322Z] <<< [apiv2][status] POST https://upload-firebasehosting.googleapis.com/upload/sites/cri-paca-936b6/versions/9b71864d3fec7db7/files/889a9d52c3e1b445fe3cf1ae8bd900a3ccd36c4149452c8dd02eecf50738cda5 200
[debug] [2022-05-03T13:40:58.322Z] <<< [apiv2][body] POST https://upload-firebasehosting.googleapis.com/upload/sites/cri-paca-936b6/versions/9b71864d3fec7db7/files/889a9d52c3e1b445fe3cf1ae8bd900a3ccd36c4149452c8dd02eecf50738cda5 [stream]
[debug] [2022-05-03T13:40:58.391Z] <<< [apiv2][status] POST https://upload-firebasehosting.googleapis.com/upload/sites/cri-paca-936b6/versions/9b71864d3fec7db7/files/24561d79b0f9b4d059a0a9736207e2596cf83e48a34a5ca5952a139c8557905c 200
[debug] [2022-05-03T13:40:58.391Z] <<< [apiv2][body] POST https://upload-firebasehosting.googleapis.com/upload/sites/cri-paca-936b6/versions/9b71864d3fec7db7/files/24561d79b0f9b4d059a0a9736207e2596cf83e48a34a5ca5952a139c8557905c [stream]
[debug] [2022-05-03T13:40:59.016Z] <<< [apiv2][status] POST https://upload-firebasehosting.googleapis.com/upload/sites/cri-paca-936b6/versions/9b71864d3fec7db7/files/1bcb4dcb4ddf73cb36cff653b316874be6af4d9a5e23e116db0be84fc3f2b9df 200
[debug] [2022-05-03T13:40:59.017Z] <<< [apiv2][body] POST https://upload-firebasehosting.googleapis.com/upload/sites/cri-paca-936b6/versions/9b71864d3fec7db7/files/1bcb4dcb4ddf73cb36cff653b316874be6af4d9a5e23e116db0be84fc3f2b9df [stream]
[debug] [2022-05-03T13:40:59.154Z] <<< [apiv2][status] POST https://upload-firebasehosting.googleapis.com/upload/sites/cri-paca-936b6/versions/9b71864d3fec7db7/files/99a68a91a4dfe5d35673a435ae615d1e691a76b200bb46fcea94457adbef6c50 200
[debug] [2022-05-03T13:40:59.154Z] <<< [apiv2][body] POST https://upload-firebasehosting.googleapis.com/upload/sites/cri-paca-936b6/versions/9b71864d3fec7db7/files/99a68a91a4dfe5d35673a435ae615d1e691a76b200bb46fcea94457adbef6c50 [stream]
[debug] [2022-05-03T13:40:59.243Z] <<< [apiv2][status] POST https://upload-firebasehosting.googleapis.com/upload/sites/cri-paca-936b6/versions/9b71864d3fec7db7/files/3fe4bd715d97a3adf44297821182eb85c668ca7c39992a669f310ddaca872e6a 200
[debug] [2022-05-03T13:40:59.244Z] <<< [apiv2][body] POST https://upload-firebasehosting.googleapis.com/upload/sites/cri-paca-936b6/versions/9b71864d3fec7db7/files/3fe4bd715d97a3adf44297821182eb85c668ca7c39992a669f310ddaca872e6a [stream]
[debug] [2022-05-03T13:40:59.916Z] <<< [apiv2][status] POST https://upload-firebasehosting.googleapis.com/upload/sites/cri-paca-936b6/versions/9b71864d3fec7db7/files/f59d44c8b717fc633b75501ed3fe1d95597ff79990f88f090cc1f4abd724b3ed 200
[debug] [2022-05-03T13:40:59.916Z] <<< [apiv2][body] POST https://upload-firebasehosting.googleapis.com/upload/sites/cri-paca-936b6/versions/9b71864d3fec7db7/files/f59d44c8b717fc633b75501ed3fe1d95597ff79990f88f090cc1f4abd724b3ed [stream]
[debug] [2022-05-03T13:41:00.499Z] <<< [apiv2][status] POST https://upload-firebasehosting.googleapis.com/upload/sites/cri-paca-936b6/versions/9b71864d3fec7db7/files/75300b6f8941ab5e70e16274351b810c167388098dcef4a71a87d7a200d364a3 200
[debug] [2022-05-03T13:41:00.499Z] <<< [apiv2][body] POST https://upload-firebasehosting.googleapis.com/upload/sites/cri-paca-936b6/versions/9b71864d3fec7db7/files/75300b6f8941ab5e70e16274351b810c167388098dcef4a71a87d7a200d364a3 [stream]
[debug] [2022-05-03T13:41:00.917Z] <<< [apiv2][status] POST https://upload-firebasehosting.googleapis.com/upload/sites/cri-paca-936b6/versions/9b71864d3fec7db7/files/c0d5a5b329d8ed92171060316775cda4b5765f8bd296e60b29c26eabe6319491 200
[debug] [2022-05-03T13:41:00.917Z] <<< [apiv2][body] POST https://upload-firebasehosting.googleapis.com/upload/sites/cri-paca-936b6/versions/9b71864d3fec7db7/files/c0d5a5b329d8ed92171060316775cda4b5765f8bd296e60b29c26eabe6319491 [stream]
[debug] [2022-05-03T13:41:01.506Z] <<< [apiv2][status] POST https://upload-firebasehosting.googleapis.com/upload/sites/cri-paca-936b6/versions/9b71864d3fec7db7/files/e684ca6de6457df73edb372aeb341e174df1fce6b97354ba037962a32907eb5d 200
[debug] [2022-05-03T13:41:01.506Z] <<< [apiv2][body] POST https://upload-firebasehosting.googleapis.com/upload/sites/cri-paca-936b6/versions/9b71864d3fec7db7/files/e684ca6de6457df73edb372aeb341e174df1fce6b97354ba037962a32907eb5d [stream]
[debug] [2022-05-03T13:41:01.506Z] [hosting][upload queue][FINAL] {"max":5125,"min":1229,"avg":2249.68,"active":0,"complete":25,"success":25,"errored":0,"retried":0,"total":25,"elapsed":5131}
[info] ✔  hosting[cri-paca-936b6]: file upload complete 
[debug] [2022-05-03T13:41:01.508Z] [hosting] deploy completed after 8532ms
[debug] [2022-05-03T13:41:01.514Z] [
  {
    "config": {
      "public": "dist/cri",
      "ignore": [
        "firebase.json",
        "**/.*",
        "**/node_modules/**"
      ],
      "rewrites": [
        {
          "source": "**",
          "destination": "/index.html"
        }
      ],
      "site": "cri-paca-936b6"
    },
    "site": "cri-paca-936b6",
    "version": "sites/cri-paca-936b6/versions/9b71864d3fec7db7"
  }
]
[info] i  hosting[cri-paca-936b6]: finalizing version... 
[debug] [2022-05-03T13:41:01.518Z] > refreshing access token with scopes: ["email","https://www.googleapis.com/auth/cloud-platform","https://www.googleapis.com/auth/cloudplatformprojects.readonly","https://www.googleapis.com/auth/firebase","openid"]
[debug] [2022-05-03T13:41:01.518Z] >>> HTTP REQUEST POST https://www.googleapis.com/oauth2/v3/token  
 <request body omitted>
[debug] [2022-05-03T13:41:03.195Z] <<< HTTP RESPONSE 200 {"pragma":"no-cache","cache-control":"no-cache, no-store, max-age=0, must-revalidate","date":"Tue, 03 May 2022 13:41:01 GMT","expires":"Mon, 01 Jan 1990 00:00:00 GMT","content-type":"application/json; charset=utf-8","vary":"X-Origin, Referer, Origin,Accept-Encoding","server":"scaffolding on HTTPServer2","x-xss-protection":"0","x-frame-options":"SAMEORIGIN","x-content-type-options":"nosniff","alt-svc":"h3=\":443\"; ma=2592000,h3-29=\":443\"; ma=2592000,h3-Q050=\":443\"; ma=2592000,h3-Q046=\":443\"; ma=2592000,h3-Q043=\":443\"; ma=2592000,quic=\":443\"; ma=2592000; v=\"46,43\"","accept-ranges":"none","transfer-encoding":"chunked"}
[debug] [2022-05-03T13:41:03.207Z] >>> HTTP REQUEST PATCH https://firebasehosting.googleapis.com/v1beta1/sites/cri-paca-936b6/versions/9b71864d3fec7db7?updateMask=status  
 {"status":"FINALIZED"}
[debug] [2022-05-03T13:41:08.812Z] <<< HTTP RESPONSE 200 {"content-type":"application/json; charset=UTF-8","vary":"X-Origin, Referer, Origin,Accept-Encoding","date":"Tue, 03 May 2022 13:41:08 GMT","server":"ESF","cache-control":"private","x-xss-protection":"0","x-frame-options":"SAMEORIGIN","x-content-type-options":"nosniff","alt-svc":"h3=\":443\"; ma=2592000,h3-29=\":443\"; ma=2592000,h3-Q050=\":443\"; ma=2592000,h3-Q046=\":443\"; ma=2592000,h3-Q043=\":443\"; ma=2592000,quic=\":443\"; ma=2592000; v=\"46,43\"","accept-ranges":"none","transfer-encoding":"chunked"}
[debug] [2022-05-03T13:41:08.812Z] [hosting] finalized version for cri-paca-936b6: {"name":"sites/cri-paca-936b6/versions/9b71864d3fec7db7","status":"FINALIZED","config":{"rewrites":[{"glob":"**","path":"/index.html"}]},"labels":{"deployment-tool":"cli-firebase"},"createTime":"2022-05-03T13:40:52.404476Z","createUser":{"email":"diego.illettrisme@gmail.com"},"finalizeTime":"2022-05-03T13:41:08.077741Z","finalizeUser":{"email":"diego.illettrisme@gmail.com"}}
[info] ✔  hosting[cri-paca-936b6]: version finalized 
[info] i  hosting[cri-paca-936b6]: releasing new version... 
[debug] [2022-05-03T13:41:08.813Z] >>> HTTP REQUEST POST https://firebasehosting.googleapis.com/v1beta1/sites/cri-paca-936b6/releases?version_name=sites/cri-paca-936b6/versions/9b71864d3fec7db7  
 {"message":null}
[debug] [2022-05-03T13:41:18.086Z] <<< HTTP RESPONSE 200 {"content-type":"application/json; charset=UTF-8","vary":"X-Origin, Referer, Origin,Accept-Encoding","date":"Tue, 03 May 2022 13:41:10 GMT","server":"ESF","cache-control":"private","x-xss-protection":"0","x-frame-options":"SAMEORIGIN","x-content-type-options":"nosniff","alt-svc":"h3=\":443\"; ma=2592000,h3-29=\":443\"; ma=2592000,h3-Q050=\":443\"; ma=2592000,h3-Q046=\":443\"; ma=2592000,h3-Q043=\":443\"; ma=2592000,quic=\":443\"; ma=2592000; v=\"46,43\"","accept-ranges":"none","transfer-encoding":"chunked"}
[debug] [2022-05-03T13:41:18.086Z] [hosting] release: {"name":"sites/cri-paca-936b6/releases/1651585270064646","version":{"name":"sites/cri-paca-936b6/versions/9b71864d3fec7db7","status":"FINALIZED","config":{"rewrites":[{"glob":"**","path":"/index.html"}]},"labels":{"deployment-tool":"cli-firebase"},"createTime":"2022-05-03T13:40:52.404476Z","createUser":{"email":"diego.illettrisme@gmail.com","imageUrl":"https://lh3.googleusercontent.com/a/AATXAJyzL8hyw_1hFZuJ6998FPvCb-FgrEknWpx9CINS=mo"},"finalizeTime":"2022-05-03T13:41:08.077741Z","finalizeUser":{"email":"diego.illettrisme@gmail.com","imageUrl":"https://lh3.googleusercontent.com/a/AATXAJyzL8hyw_1hFZuJ6998FPvCb-FgrEknWpx9CINS=mo"}},"type":"DEPLOY","releaseTime":"2022-05-03T13:41:10.064646546Z","releaseUser":{"email":"diego.illettrisme@gmail.com","imageUrl":"https://lh3.googleusercontent.com/a/AATXAJyzL8hyw_1hFZuJ6998FPvCb-FgrEknWpx9CINS=mo"}}
[info] ✔  hosting[cri-paca-936b6]: release complete 
[info] 
[info] ✔  Deploy complete! 
[info] 
[info] Project Console: https://console.firebase.google.com/project/cri-paca-936b6/overview
[info] Hosting URL: https://cri-paca-936b6.web.app
